<?xml version="1.0" encoding="UTF-8"?>
<!-- Generated by org.testng.reporters.JUnitXMLReporter -->
<testsuite ignored="0" hostname="LAPTOP-A2L5D3I3" failures="11" tests="33" name="UI — Risk Rating" time="21.073" errors="0" timestamp="2026-06-17T10:05:50 IST">
  <testcase classname="io.cucumber.testng.AbstractTestNGCucumberTests" name="runScenario" time="2.497">
    <skipped/>
  </testcase> <!-- runScenario -->
  <testcase classname="io.cucumber.testng.AbstractTestNGCucumberTests" name="runScenario" time="2.5">
    <skipped/>
  </testcase> <!-- runScenario -->
  <testcase classname="io.cucumber.testng.AbstractTestNGCucumberTests" name="runScenario" time="2.502">
    <skipped/>
  </testcase> <!-- runScenario -->
  <testcase classname="io.cucumber.testng.AbstractTestNGCucumberTests" name="runScenario" time="2.53">
    <skipped/>
  </testcase> <!-- runScenario -->
  <testcase classname="io.cucumber.testng.AbstractTestNGCucumberTests" name="runScenario" time="2.343">
    <skipped/>
  </testcase> <!-- runScenario -->
  <testcase classname="io.cucumber.testng.AbstractTestNGCucumberTests" name="runScenario" time="2.396">
    <skipped/>
  </testcase> <!-- runScenario -->
  <testcase classname="io.cucumber.testng.AbstractTestNGCucumberTests" name="runScenario" time="2.393">
    <skipped/>
  </testcase> <!-- runScenario -->
  <testcase classname="io.cucumber.testng.AbstractTestNGCucumberTests" name="runScenario" time="2.44">
    <skipped/>
  </testcase> <!-- runScenario -->
  <testcase classname="io.cucumber.testng.AbstractTestNGCucumberTests" name="runScenario" time="2.342">
    <failure type="org.openqa.selenium.InvalidArgumentException" message="invalid argument
  (Session info: chrome=149.0.7827.104)
Build info: version: &amp;apos;4.18.1&amp;apos;, revision: &amp;apos;b1d3319b48&amp;apos;
System info: os.name: &amp;apos;Windows 11&amp;apos;, os.arch: &amp;apos;amd64&amp;apos;, os.version: &amp;apos;10.0&amp;apos;, java.version: &amp;apos;21.0.1&amp;apos;
Driver info: org.openqa.selenium.chrome.ChromeDriver
Command: [a2402c0cf14a0c9eabec82bcba9f2dbe, get {url=}]
Capabilities {acceptInsecureCerts: false, browserName: chrome, browserVersion: 149.0.7827.104, chrome: {chromedriverVersion: 149.0.7827.155 (07b52360cc1..., userDataDir: C:\Users\UMESHK~1\AppData\L...}, fedcm:accounts: true, goog:chromeOptions: {debuggerAddress: localhost:58929}, goog:processID: 17924, networkConnectionEnabled: false, pageLoadStrategy: normal, platformName: windows, proxy: Proxy(), se:cdp: ws://localhost:58929/devtoo..., se:cdpVersion: 149.0.7827.104, setWindowRect: true, strictFileInteractability: false, timeouts: {implicit: 0, pageLoad: 300000, script: 30000}, unhandledPromptBehavior: dismiss and notify, webauthn:extension:credBlob: true, webauthn:extension:largeBlob: true, webauthn:extension:minPinLength: true, webauthn:extension:prf: true, webauthn:virtualAuthenticators: true}
Session ID: a2402c0cf14a0c9eabec82bcba9f2dbe">
      <![CDATA[org.openqa.selenium.InvalidArgumentException: invalid argument
  (Session info: chrome=149.0.7827.104)
Build info: version: '4.18.1', revision: 'b1d3319b48'
System info: os.name: 'Windows 11', os.arch: 'amd64', os.version: '10.0', java.version: '21.0.1'
Driver info: org.openqa.selenium.chrome.ChromeDriver
Command: [a2402c0cf14a0c9eabec82bcba9f2dbe, get {url=}]
Capabilities {acceptInsecureCerts: false, browserName: chrome, browserVersion: 149.0.7827.104, chrome: {chromedriverVersion: 149.0.7827.155 (07b52360cc1..., userDataDir: C:\Users\UMESHK~1\AppData\L...}, fedcm:accounts: true, goog:chromeOptions: {debuggerAddress: localhost:58929}, goog:processID: 17924, networkConnectionEnabled: false, pageLoadStrategy: normal, platformName: windows, proxy: Proxy(), se:cdp: ws://localhost:58929/devtoo..., se:cdpVersion: 149.0.7827.104, setWindowRect: true, strictFileInteractability: false, timeouts: {implicit: 0, pageLoad: 300000, script: 30000}, unhandledPromptBehavior: dismiss and notify, webauthn:extension:credBlob: true, webauthn:extension:largeBlob: true, webauthn:extension:minPinLength: true, webauthn:extension:prf: true, webauthn:virtualAuthenticators: true}
Session ID: a2402c0cf14a0c9eabec82bcba9f2dbe
at org.openqa.selenium.remote.ErrorCodec.decode(ErrorCodec.java:167)
at org.openqa.selenium.remote.codec.w3c.W3CHttpResponseCodec.decode(W3CHttpResponseCodec.java:138)
at org.openqa.selenium.remote.codec.w3c.W3CHttpResponseCodec.decode(W3CHttpResponseCodec.java:50)
at org.openqa.selenium.remote.HttpCommandExecutor.execute(HttpCommandExecutor.java:190)
at org.openqa.selenium.remote.service.DriverCommandExecutor.invokeExecute(DriverCommandExecutor.java:216)
at org.openqa.selenium.remote.service.DriverCommandExecutor.execute(DriverCommandExecutor.java:174)
at org.openqa.selenium.remote.RemoteWebDriver.execute(RemoteWebDriver.java:519)
at org.openqa.selenium.remote.RemoteWebDriver.get(RemoteWebDriver.java:301)
at com.framework.driver.BasePage.goTo(BasePage.java:36)
at com.framework.pages.LoginPage.navigateTo(LoginPage.java:30)
at com.framework.steps.LoginSteps.navigateToPortal(LoginSteps.java:15)
at ✽.the user navigates to the banking portal(file:///C:/Users/Umesh%20kumar/eclipse-workspace/regression-automation/src/test/resources/features/risk_rating.feature:11)
... Removed 3 stack frames]]>
    </failure>
  </testcase> <!-- runScenario -->
  <testcase classname="io.cucumber.testng.AbstractTestNGCucumberTests" name="runScenario" time="2.406">
    <failure type="org.openqa.selenium.InvalidArgumentException" message="invalid argument
  (Session info: chrome=149.0.7827.104)
Build info: version: &amp;apos;4.18.1&amp;apos;, revision: &amp;apos;b1d3319b48&amp;apos;
System info: os.name: &amp;apos;Windows 11&amp;apos;, os.arch: &amp;apos;amd64&amp;apos;, os.version: &amp;apos;10.0&amp;apos;, java.version: &amp;apos;21.0.1&amp;apos;
Driver info: org.openqa.selenium.chrome.ChromeDriver
Command: [8bc11ebb25dda7c136b0c10abec22fb1, get {url=}]
Capabilities {acceptInsecureCerts: false, browserName: chrome, browserVersion: 149.0.7827.104, chrome: {chromedriverVersion: 149.0.7827.155 (07b52360cc1..., userDataDir: C:\Users\UMESHK~1\AppData\L...}, fedcm:accounts: true, goog:chromeOptions: {debuggerAddress: localhost:58931}, goog:processID: 25724, networkConnectionEnabled: false, pageLoadStrategy: normal, platformName: windows, proxy: Proxy(), se:cdp: ws://localhost:58931/devtoo..., se:cdpVersion: 149.0.7827.104, setWindowRect: true, strictFileInteractability: false, timeouts: {implicit: 0, pageLoad: 300000, script: 30000}, unhandledPromptBehavior: dismiss and notify, webauthn:extension:credBlob: true, webauthn:extension:largeBlob: true, webauthn:extension:minPinLength: true, webauthn:extension:prf: true, webauthn:virtualAuthenticators: true}
Session ID: 8bc11ebb25dda7c136b0c10abec22fb1">
      <![CDATA[org.openqa.selenium.InvalidArgumentException: invalid argument
  (Session info: chrome=149.0.7827.104)
Build info: version: '4.18.1', revision: 'b1d3319b48'
System info: os.name: 'Windows 11', os.arch: 'amd64', os.version: '10.0', java.version: '21.0.1'
Driver info: org.openqa.selenium.chrome.ChromeDriver
Command: [8bc11ebb25dda7c136b0c10abec22fb1, get {url=}]
Capabilities {acceptInsecureCerts: false, browserName: chrome, browserVersion: 149.0.7827.104, chrome: {chromedriverVersion: 149.0.7827.155 (07b52360cc1..., userDataDir: C:\Users\UMESHK~1\AppData\L...}, fedcm:accounts: true, goog:chromeOptions: {debuggerAddress: localhost:58931}, goog:processID: 25724, networkConnectionEnabled: false, pageLoadStrategy: normal, platformName: windows, proxy: Proxy(), se:cdp: ws://localhost:58931/devtoo..., se:cdpVersion: 149.0.7827.104, setWindowRect: true, strictFileInteractability: false, timeouts: {implicit: 0, pageLoad: 300000, script: 30000}, unhandledPromptBehavior: dismiss and notify, webauthn:extension:credBlob: true, webauthn:extension:largeBlob: true, webauthn:extension:minPinLength: true, webauthn:extension:prf: true, webauthn:virtualAuthenticators: true}
Session ID: 8bc11ebb25dda7c136b0c10abec22fb1
at org.openqa.selenium.remote.ErrorCodec.decode(ErrorCodec.java:167)
at org.openqa.selenium.remote.codec.w3c.W3CHttpResponseCodec.decode(W3CHttpResponseCodec.java:138)
at org.openqa.selenium.remote.codec.w3c.W3CHttpResponseCodec.decode(W3CHttpResponseCodec.java:50)
at org.openqa.selenium.remote.HttpCommandExecutor.execute(HttpCommandExecutor.java:190)
at org.openqa.selenium.remote.service.DriverCommandExecutor.invokeExecute(DriverCommandExecutor.java:216)
at org.openqa.selenium.remote.service.DriverCommandExecutor.execute(DriverCommandExecutor.java:174)
at org.openqa.selenium.remote.RemoteWebDriver.execute(RemoteWebDriver.java:519)
at org.openqa.selenium.remote.RemoteWebDriver.get(RemoteWebDriver.java:301)
at com.framework.driver.BasePage.goTo(BasePage.java:36)
at com.framework.pages.LoginPage.navigateTo(LoginPage.java:30)
at com.framework.steps.LoginSteps.navigateToPortal(LoginSteps.java:15)
at ✽.the user navigates to the banking portal(file:///C:/Users/Umesh%20kumar/eclipse-workspace/regression-automation/src/test/resources/features/risk_rating.feature:11)
... Removed 3 stack frames]]>
    </failure>
  </testcase> <!-- runScenario -->
  <testcase classname="io.cucumber.testng.AbstractTestNGCucumberTests" name="runScenario" time="2.417">
    <failure type="org.openqa.selenium.InvalidArgumentException" message="invalid argument
  (Session info: chrome=149.0.7827.104)
Build info: version: &amp;apos;4.18.1&amp;apos;, revision: &amp;apos;b1d3319b48&amp;apos;
System info: os.name: &amp;apos;Windows 11&amp;apos;, os.arch: &amp;apos;amd64&amp;apos;, os.version: &amp;apos;10.0&amp;apos;, java.version: &amp;apos;21.0.1&amp;apos;
Driver info: org.openqa.selenium.chrome.ChromeDriver
Command: [496f4afa87c42f19370b084e65d41428, get {url=}]
Capabilities {acceptInsecureCerts: false, browserName: chrome, browserVersion: 149.0.7827.104, chrome: {chromedriverVersion: 149.0.7827.155 (07b52360cc1..., userDataDir: C:\Users\UMESHK~1\AppData\L...}, fedcm:accounts: true, goog:chromeOptions: {debuggerAddress: localhost:58930}, goog:processID: 11008, networkConnectionEnabled: false, pageLoadStrategy: normal, platformName: windows, proxy: Proxy(), se:cdp: ws://localhost:58930/devtoo..., se:cdpVersion: 149.0.7827.104, setWindowRect: true, strictFileInteractability: false, timeouts: {implicit: 0, pageLoad: 300000, script: 30000}, unhandledPromptBehavior: dismiss and notify, webauthn:extension:credBlob: true, webauthn:extension:largeBlob: true, webauthn:extension:minPinLength: true, webauthn:extension:prf: true, webauthn:virtualAuthenticators: true}
Session ID: 496f4afa87c42f19370b084e65d41428">
      <![CDATA[org.openqa.selenium.InvalidArgumentException: invalid argument
  (Session info: chrome=149.0.7827.104)
Build info: version: '4.18.1', revision: 'b1d3319b48'
System info: os.name: 'Windows 11', os.arch: 'amd64', os.version: '10.0', java.version: '21.0.1'
Driver info: org.openqa.selenium.chrome.ChromeDriver
Command: [496f4afa87c42f19370b084e65d41428, get {url=}]
Capabilities {acceptInsecureCerts: false, browserName: chrome, browserVersion: 149.0.7827.104, chrome: {chromedriverVersion: 149.0.7827.155 (07b52360cc1..., userDataDir: C:\Users\UMESHK~1\AppData\L...}, fedcm:accounts: true, goog:chromeOptions: {debuggerAddress: localhost:58930}, goog:processID: 11008, networkConnectionEnabled: false, pageLoadStrategy: normal, platformName: windows, proxy: Proxy(), se:cdp: ws://localhost:58930/devtoo..., se:cdpVersion: 149.0.7827.104, setWindowRect: true, strictFileInteractability: false, timeouts: {implicit: 0, pageLoad: 300000, script: 30000}, unhandledPromptBehavior: dismiss and notify, webauthn:extension:credBlob: true, webauthn:extension:largeBlob: true, webauthn:extension:minPinLength: true, webauthn:extension:prf: true, webauthn:virtualAuthenticators: true}
Session ID: 496f4afa87c42f19370b084e65d41428
at org.openqa.selenium.remote.ErrorCodec.decode(ErrorCodec.java:167)
at org.openqa.selenium.remote.codec.w3c.W3CHttpResponseCodec.decode(W3CHttpResponseCodec.java:138)
at org.openqa.selenium.remote.codec.w3c.W3CHttpResponseCodec.decode(W3CHttpResponseCodec.java:50)
at org.openqa.selenium.remote.HttpCommandExecutor.execute(HttpCommandExecutor.java:190)
at org.openqa.selenium.remote.service.DriverCommandExecutor.invokeExecute(DriverCommandExecutor.java:216)
at org.openqa.selenium.remote.service.DriverCommandExecutor.execute(DriverCommandExecutor.java:174)
at org.openqa.selenium.remote.RemoteWebDriver.execute(RemoteWebDriver.java:519)
at org.openqa.selenium.remote.RemoteWebDriver.get(RemoteWebDriver.java:301)
at com.framework.driver.BasePage.goTo(BasePage.java:36)
at com.framework.pages.LoginPage.navigateTo(LoginPage.java:30)
at com.framework.steps.LoginSteps.navigateToPortal(LoginSteps.java:15)
at ✽.the user navigates to the banking portal(file:///C:/Users/Umesh%20kumar/eclipse-workspace/regression-automation/src/test/resources/features/risk_rating.feature:11)
... Removed 3 stack frames]]>
    </failure>
  </testcase> <!-- runScenario -->
  <testcase classname="io.cucumber.testng.AbstractTestNGCucumberTests" name="runScenario" time="2.577">
    <failure type="org.openqa.selenium.InvalidArgumentException" message="invalid argument
  (Session info: chrome=149.0.7827.104)
Build info: version: &amp;apos;4.18.1&amp;apos;, revision: &amp;apos;b1d3319b48&amp;apos;
System info: os.name: &amp;apos;Windows 11&amp;apos;, os.arch: &amp;apos;amd64&amp;apos;, os.version: &amp;apos;10.0&amp;apos;, java.version: &amp;apos;21.0.1&amp;apos;
Driver info: org.openqa.selenium.chrome.ChromeDriver
Command: [246af878c33da0cf8f852f3be9890fbf, get {url=}]
Capabilities {acceptInsecureCerts: false, browserName: chrome, browserVersion: 149.0.7827.104, chrome: {chromedriverVersion: 149.0.7827.155 (07b52360cc1..., userDataDir: C:\Users\UMESHK~1\AppData\L...}, fedcm:accounts: true, goog:chromeOptions: {debuggerAddress: localhost:58928}, goog:processID: 16488, networkConnectionEnabled: false, pageLoadStrategy: normal, platformName: windows, proxy: Proxy(), se:cdp: ws://localhost:58928/devtoo..., se:cdpVersion: 149.0.7827.104, setWindowRect: true, strictFileInteractability: false, timeouts: {implicit: 0, pageLoad: 300000, script: 30000}, unhandledPromptBehavior: dismiss and notify, webauthn:extension:credBlob: true, webauthn:extension:largeBlob: true, webauthn:extension:minPinLength: true, webauthn:extension:prf: true, webauthn:virtualAuthenticators: true}
Session ID: 246af878c33da0cf8f852f3be9890fbf">
      <![CDATA[org.openqa.selenium.InvalidArgumentException: invalid argument
  (Session info: chrome=149.0.7827.104)
Build info: version: '4.18.1', revision: 'b1d3319b48'
System info: os.name: 'Windows 11', os.arch: 'amd64', os.version: '10.0', java.version: '21.0.1'
Driver info: org.openqa.selenium.chrome.ChromeDriver
Command: [246af878c33da0cf8f852f3be9890fbf, get {url=}]
Capabilities {acceptInsecureCerts: false, browserName: chrome, browserVersion: 149.0.7827.104, chrome: {chromedriverVersion: 149.0.7827.155 (07b52360cc1..., userDataDir: C:\Users\UMESHK~1\AppData\L...}, fedcm:accounts: true, goog:chromeOptions: {debuggerAddress: localhost:58928}, goog:processID: 16488, networkConnectionEnabled: false, pageLoadStrategy: normal, platformName: windows, proxy: Proxy(), se:cdp: ws://localhost:58928/devtoo..., se:cdpVersion: 149.0.7827.104, setWindowRect: true, strictFileInteractability: false, timeouts: {implicit: 0, pageLoad: 300000, script: 30000}, unhandledPromptBehavior: dismiss and notify, webauthn:extension:credBlob: true, webauthn:extension:largeBlob: true, webauthn:extension:minPinLength: true, webauthn:extension:prf: true, webauthn:virtualAuthenticators: true}
Session ID: 246af878c33da0cf8f852f3be9890fbf
at org.openqa.selenium.remote.ErrorCodec.decode(ErrorCodec.java:167)
at org.openqa.selenium.remote.codec.w3c.W3CHttpResponseCodec.decode(W3CHttpResponseCodec.java:138)
at org.openqa.selenium.remote.codec.w3c.W3CHttpResponseCodec.decode(W3CHttpResponseCodec.java:50)
at org.openqa.selenium.remote.HttpCommandExecutor.execute(HttpCommandExecutor.java:190)
at org.openqa.selenium.remote.service.DriverCommandExecutor.invokeExecute(DriverCommandExecutor.java:216)
at org.openqa.selenium.remote.service.DriverCommandExecutor.execute(DriverCommandExecutor.java:174)
at org.openqa.selenium.remote.RemoteWebDriver.execute(RemoteWebDriver.java:519)
at org.openqa.selenium.remote.RemoteWebDriver.get(RemoteWebDriver.java:301)
at com.framework.driver.BasePage.goTo(BasePage.java:36)
at com.framework.pages.LoginPage.navigateTo(LoginPage.java:30)
at com.framework.steps.LoginSteps.navigateToPortal(LoginSteps.java:15)
at ✽.the user navigates to the banking portal(file:///C:/Users/Umesh%20kumar/eclipse-workspace/regression-automation/src/test/resources/features/risk_rating.feature:11)
... Removed 3 stack frames]]>
    </failure>
  </testcase> <!-- runScenario -->
  <testcase classname="io.cucumber.testng.AbstractTestNGCucumberTests" name="runScenario" time="2.38">
    <skipped/>
  </testcase> <!-- runScenario -->
  <testcase classname="io.cucumber.testng.AbstractTestNGCucumberTests" name="runScenario" time="2.693">
    <skipped/>
  </testcase> <!-- runScenario -->
  <testcase classname="io.cucumber.testng.AbstractTestNGCucumberTests" name="runScenario" time="2.719">
    <skipped/>
  </testcase> <!-- runScenario -->
  <testcase classname="io.cucumber.testng.AbstractTestNGCucumberTests" name="runScenario" time="2.718">
    <skipped/>
  </testcase> <!-- runScenario -->
  <testcase classname="io.cucumber.testng.AbstractTestNGCucumberTests" name="runScenario" time="2.408">
    <skipped/>
  </testcase> <!-- runScenario -->
  <testcase classname="io.cucumber.testng.AbstractTestNGCucumberTests" name="runScenario" time="2.544">
    <skipped/>
  </testcase> <!-- runScenario -->
  <testcase classname="io.cucumber.testng.AbstractTestNGCucumberTests" name="runScenario" time="2.72">
    <skipped/>
  </testcase> <!-- runScenario -->
  <testcase classname="io.cucumber.testng.AbstractTestNGCucumberTests" name="runScenario" time="2.561">
    <skipped/>
  </testcase> <!-- runScenario -->
  <testcase classname="io.cucumber.testng.AbstractTestNGCucumberTests" name="runScenario" time="2.342">
    <failure type="org.openqa.selenium.InvalidArgumentException" message="invalid argument
  (Session info: chrome=149.0.7827.104)
Build info: version: &amp;apos;4.18.1&amp;apos;, revision: &amp;apos;b1d3319b48&amp;apos;
System info: os.name: &amp;apos;Windows 11&amp;apos;, os.arch: &amp;apos;amd64&amp;apos;, os.version: &amp;apos;10.0&amp;apos;, java.version: &amp;apos;21.0.1&amp;apos;
Driver info: org.openqa.selenium.chrome.ChromeDriver
Command: [64c6a86b98d1fbf0703ae26860a6185b, get {url=}]
Capabilities {acceptInsecureCerts: false, browserName: chrome, browserVersion: 149.0.7827.104, chrome: {chromedriverVersion: 149.0.7827.155 (07b52360cc1..., userDataDir: C:\Users\UMESHK~1\AppData\L...}, fedcm:accounts: true, goog:chromeOptions: {debuggerAddress: localhost:59357}, goog:processID: 21028, networkConnectionEnabled: false, pageLoadStrategy: normal, platformName: windows, proxy: Proxy(), se:cdp: ws://localhost:59357/devtoo..., se:cdpVersion: 149.0.7827.104, setWindowRect: true, strictFileInteractability: false, timeouts: {implicit: 0, pageLoad: 300000, script: 30000}, unhandledPromptBehavior: dismiss and notify, webauthn:extension:credBlob: true, webauthn:extension:largeBlob: true, webauthn:extension:minPinLength: true, webauthn:extension:prf: true, webauthn:virtualAuthenticators: true}
Session ID: 64c6a86b98d1fbf0703ae26860a6185b">
      <![CDATA[org.openqa.selenium.InvalidArgumentException: invalid argument
  (Session info: chrome=149.0.7827.104)
Build info: version: '4.18.1', revision: 'b1d3319b48'
System info: os.name: 'Windows 11', os.arch: 'amd64', os.version: '10.0', java.version: '21.0.1'
Driver info: org.openqa.selenium.chrome.ChromeDriver
Command: [64c6a86b98d1fbf0703ae26860a6185b, get {url=}]
Capabilities {acceptInsecureCerts: false, browserName: chrome, browserVersion: 149.0.7827.104, chrome: {chromedriverVersion: 149.0.7827.155 (07b52360cc1..., userDataDir: C:\Users\UMESHK~1\AppData\L...}, fedcm:accounts: true, goog:chromeOptions: {debuggerAddress: localhost:59357}, goog:processID: 21028, networkConnectionEnabled: false, pageLoadStrategy: normal, platformName: windows, proxy: Proxy(), se:cdp: ws://localhost:59357/devtoo..., se:cdpVersion: 149.0.7827.104, setWindowRect: true, strictFileInteractability: false, timeouts: {implicit: 0, pageLoad: 300000, script: 30000}, unhandledPromptBehavior: dismiss and notify, webauthn:extension:credBlob: true, webauthn:extension:largeBlob: true, webauthn:extension:minPinLength: true, webauthn:extension:prf: true, webauthn:virtualAuthenticators: true}
Session ID: 64c6a86b98d1fbf0703ae26860a6185b
at org.openqa.selenium.remote.ErrorCodec.decode(ErrorCodec.java:167)
at org.openqa.selenium.remote.codec.w3c.W3CHttpResponseCodec.decode(W3CHttpResponseCodec.java:138)
at org.openqa.selenium.remote.codec.w3c.W3CHttpResponseCodec.decode(W3CHttpResponseCodec.java:50)
at org.openqa.selenium.remote.HttpCommandExecutor.execute(HttpCommandExecutor.java:190)
at org.openqa.selenium.remote.service.DriverCommandExecutor.invokeExecute(DriverCommandExecutor.java:216)
at org.openqa.selenium.remote.service.DriverCommandExecutor.execute(DriverCommandExecutor.java:174)
at org.openqa.selenium.remote.RemoteWebDriver.execute(RemoteWebDriver.java:519)
at org.openqa.selenium.remote.RemoteWebDriver.get(RemoteWebDriver.java:301)
at com.framework.driver.BasePage.goTo(BasePage.java:36)
at com.framework.pages.LoginPage.navigateTo(LoginPage.java:30)
at com.framework.steps.LoginSteps.navigateToPortal(LoginSteps.java:15)
at ✽.the user navigates to the banking portal(file:///C:/Users/Umesh%20kumar/eclipse-workspace/regression-automation/src/test/resources/features/risk_rating.feature:11)
... Removed 3 stack frames]]>
    </failure>
  </testcase> <!-- runScenario -->
  <testcase classname="io.cucumber.testng.AbstractTestNGCucumberTests" name="runScenario" time="2.356">
    <failure type="org.openqa.selenium.InvalidArgumentException" message="invalid argument
  (Session info: chrome=149.0.7827.104)
Build info: version: &amp;apos;4.18.1&amp;apos;, revision: &amp;apos;b1d3319b48&amp;apos;
System info: os.name: &amp;apos;Windows 11&amp;apos;, os.arch: &amp;apos;amd64&amp;apos;, os.version: &amp;apos;10.0&amp;apos;, java.version: &amp;apos;21.0.1&amp;apos;
Driver info: org.openqa.selenium.chrome.ChromeDriver
Command: [2b7b7903b114fbbce0644fa632ac1cf0, get {url=}]
Capabilities {acceptInsecureCerts: false, browserName: chrome, browserVersion: 149.0.7827.104, chrome: {chromedriverVersion: 149.0.7827.155 (07b52360cc1..., userDataDir: C:\Users\UMESHK~1\AppData\L...}, fedcm:accounts: true, goog:chromeOptions: {debuggerAddress: localhost:52323}, goog:processID: 27576, networkConnectionEnabled: false, pageLoadStrategy: normal, platformName: windows, proxy: Proxy(), se:cdp: ws://localhost:52323/devtoo..., se:cdpVersion: 149.0.7827.104, setWindowRect: true, strictFileInteractability: false, timeouts: {implicit: 0, pageLoad: 300000, script: 30000}, unhandledPromptBehavior: dismiss and notify, webauthn:extension:credBlob: true, webauthn:extension:largeBlob: true, webauthn:extension:minPinLength: true, webauthn:extension:prf: true, webauthn:virtualAuthenticators: true}
Session ID: 2b7b7903b114fbbce0644fa632ac1cf0">
      <![CDATA[org.openqa.selenium.InvalidArgumentException: invalid argument
  (Session info: chrome=149.0.7827.104)
Build info: version: '4.18.1', revision: 'b1d3319b48'
System info: os.name: 'Windows 11', os.arch: 'amd64', os.version: '10.0', java.version: '21.0.1'
Driver info: org.openqa.selenium.chrome.ChromeDriver
Command: [2b7b7903b114fbbce0644fa632ac1cf0, get {url=}]
Capabilities {acceptInsecureCerts: false, browserName: chrome, browserVersion: 149.0.7827.104, chrome: {chromedriverVersion: 149.0.7827.155 (07b52360cc1..., userDataDir: C:\Users\UMESHK~1\AppData\L...}, fedcm:accounts: true, goog:chromeOptions: {debuggerAddress: localhost:52323}, goog:processID: 27576, networkConnectionEnabled: false, pageLoadStrategy: normal, platformName: windows, proxy: Proxy(), se:cdp: ws://localhost:52323/devtoo..., se:cdpVersion: 149.0.7827.104, setWindowRect: true, strictFileInteractability: false, timeouts: {implicit: 0, pageLoad: 300000, script: 30000}, unhandledPromptBehavior: dismiss and notify, webauthn:extension:credBlob: true, webauthn:extension:largeBlob: true, webauthn:extension:minPinLength: true, webauthn:extension:prf: true, webauthn:virtualAuthenticators: true}
Session ID: 2b7b7903b114fbbce0644fa632ac1cf0
at org.openqa.selenium.remote.ErrorCodec.decode(ErrorCodec.java:167)
at org.openqa.selenium.remote.codec.w3c.W3CHttpResponseCodec.decode(W3CHttpResponseCodec.java:138)
at org.openqa.selenium.remote.codec.w3c.W3CHttpResponseCodec.decode(W3CHttpResponseCodec.java:50)
at org.openqa.selenium.remote.HttpCommandExecutor.execute(HttpCommandExecutor.java:190)
at org.openqa.selenium.remote.service.DriverCommandExecutor.invokeExecute(DriverCommandExecutor.java:216)
at org.openqa.selenium.remote.service.DriverCommandExecutor.execute(DriverCommandExecutor.java:174)
at org.openqa.selenium.remote.RemoteWebDriver.execute(RemoteWebDriver.java:519)
at org.openqa.selenium.remote.RemoteWebDriver.get(RemoteWebDriver.java:301)
at com.framework.driver.BasePage.goTo(BasePage.java:36)
at com.framework.pages.LoginPage.navigateTo(LoginPage.java:30)
at com.framework.steps.LoginSteps.navigateToPortal(LoginSteps.java:15)
at ✽.the user navigates to the banking portal(file:///C:/Users/Umesh%20kumar/eclipse-workspace/regression-automation/src/test/resources/features/risk_rating.feature:11)
... Removed 3 stack frames]]>
    </failure>
  </testcase> <!-- runScenario -->
  <testcase classname="io.cucumber.testng.AbstractTestNGCucumberTests" name="runScenario" time="2.5">
    <failure type="org.openqa.selenium.InvalidArgumentException" message="invalid argument
  (Session info: chrome=149.0.7827.104)
Build info: version: &amp;apos;4.18.1&amp;apos;, revision: &amp;apos;b1d3319b48&amp;apos;
System info: os.name: &amp;apos;Windows 11&amp;apos;, os.arch: &amp;apos;amd64&amp;apos;, os.version: &amp;apos;10.0&amp;apos;, java.version: &amp;apos;21.0.1&amp;apos;
Driver info: org.openqa.selenium.chrome.ChromeDriver
Command: [534c11a5fce8d44b05173e30a554a75e, get {url=}]
Capabilities {acceptInsecureCerts: false, browserName: chrome, browserVersion: 149.0.7827.104, chrome: {chromedriverVersion: 149.0.7827.155 (07b52360cc1..., userDataDir: C:\Users\UMESHK~1\AppData\L...}, fedcm:accounts: true, goog:chromeOptions: {debuggerAddress: localhost:57371}, goog:processID: 23736, networkConnectionEnabled: false, pageLoadStrategy: normal, platformName: windows, proxy: Proxy(), se:cdp: ws://localhost:57371/devtoo..., se:cdpVersion: 149.0.7827.104, setWindowRect: true, strictFileInteractability: false, timeouts: {implicit: 0, pageLoad: 300000, script: 30000}, unhandledPromptBehavior: dismiss and notify, webauthn:extension:credBlob: true, webauthn:extension:largeBlob: true, webauthn:extension:minPinLength: true, webauthn:extension:prf: true, webauthn:virtualAuthenticators: true}
Session ID: 534c11a5fce8d44b05173e30a554a75e">
      <![CDATA[org.openqa.selenium.InvalidArgumentException: invalid argument
  (Session info: chrome=149.0.7827.104)
Build info: version: '4.18.1', revision: 'b1d3319b48'
System info: os.name: 'Windows 11', os.arch: 'amd64', os.version: '10.0', java.version: '21.0.1'
Driver info: org.openqa.selenium.chrome.ChromeDriver
Command: [534c11a5fce8d44b05173e30a554a75e, get {url=}]
Capabilities {acceptInsecureCerts: false, browserName: chrome, browserVersion: 149.0.7827.104, chrome: {chromedriverVersion: 149.0.7827.155 (07b52360cc1..., userDataDir: C:\Users\UMESHK~1\AppData\L...}, fedcm:accounts: true, goog:chromeOptions: {debuggerAddress: localhost:57371}, goog:processID: 23736, networkConnectionEnabled: false, pageLoadStrategy: normal, platformName: windows, proxy: Proxy(), se:cdp: ws://localhost:57371/devtoo..., se:cdpVersion: 149.0.7827.104, setWindowRect: true, strictFileInteractability: false, timeouts: {implicit: 0, pageLoad: 300000, script: 30000}, unhandledPromptBehavior: dismiss and notify, webauthn:extension:credBlob: true, webauthn:extension:largeBlob: true, webauthn:extension:minPinLength: true, webauthn:extension:prf: true, webauthn:virtualAuthenticators: true}
Session ID: 534c11a5fce8d44b05173e30a554a75e
at org.openqa.selenium.remote.ErrorCodec.decode(ErrorCodec.java:167)
at org.openqa.selenium.remote.codec.w3c.W3CHttpResponseCodec.decode(W3CHttpResponseCodec.java:138)
at org.openqa.selenium.remote.codec.w3c.W3CHttpResponseCodec.decode(W3CHttpResponseCodec.java:50)
at org.openqa.selenium.remote.HttpCommandExecutor.execute(HttpCommandExecutor.java:190)
at org.openqa.selenium.remote.service.DriverCommandExecutor.invokeExecute(DriverCommandExecutor.java:216)
at org.openqa.selenium.remote.service.DriverCommandExecutor.execute(DriverCommandExecutor.java:174)
at org.openqa.selenium.remote.RemoteWebDriver.execute(RemoteWebDriver.java:519)
at org.openqa.selenium.remote.RemoteWebDriver.get(RemoteWebDriver.java:301)
at com.framework.driver.BasePage.goTo(BasePage.java:36)
at com.framework.pages.LoginPage.navigateTo(LoginPage.java:30)
at com.framework.steps.LoginSteps.navigateToPortal(LoginSteps.java:15)
at ✽.the user navigates to the banking portal(file:///C:/Users/Umesh%20kumar/eclipse-workspace/regression-automation/src/test/resources/features/risk_rating.feature:11)
... Removed 3 stack frames]]>
    </failure>
  </testcase> <!-- runScenario -->
  <testcase classname="io.cucumber.testng.AbstractTestNGCucumberTests" name="runScenario" time="2.626">
    <failure type="org.openqa.selenium.InvalidArgumentException" message="invalid argument
  (Session info: chrome=149.0.7827.104)
Build info: version: &amp;apos;4.18.1&amp;apos;, revision: &amp;apos;b1d3319b48&amp;apos;
System info: os.name: &amp;apos;Windows 11&amp;apos;, os.arch: &amp;apos;amd64&amp;apos;, os.version: &amp;apos;10.0&amp;apos;, java.version: &amp;apos;21.0.1&amp;apos;
Driver info: org.openqa.selenium.chrome.ChromeDriver
Command: [b1a785ec8d75043e1aaab79cb77b4d60, get {url=}]
Capabilities {acceptInsecureCerts: false, browserName: chrome, browserVersion: 149.0.7827.104, chrome: {chromedriverVersion: 149.0.7827.155 (07b52360cc1..., userDataDir: C:\Users\UMESHK~1\AppData\L...}, fedcm:accounts: true, goog:chromeOptions: {debuggerAddress: localhost:57370}, goog:processID: 17324, networkConnectionEnabled: false, pageLoadStrategy: normal, platformName: windows, proxy: Proxy(), se:cdp: ws://localhost:57370/devtoo..., se:cdpVersion: 149.0.7827.104, setWindowRect: true, strictFileInteractability: false, timeouts: {implicit: 0, pageLoad: 300000, script: 30000}, unhandledPromptBehavior: dismiss and notify, webauthn:extension:credBlob: true, webauthn:extension:largeBlob: true, webauthn:extension:minPinLength: true, webauthn:extension:prf: true, webauthn:virtualAuthenticators: true}
Session ID: b1a785ec8d75043e1aaab79cb77b4d60">
      <![CDATA[org.openqa.selenium.InvalidArgumentException: invalid argument
  (Session info: chrome=149.0.7827.104)
Build info: version: '4.18.1', revision: 'b1d3319b48'
System info: os.name: 'Windows 11', os.arch: 'amd64', os.version: '10.0', java.version: '21.0.1'
Driver info: org.openqa.selenium.chrome.ChromeDriver
Command: [b1a785ec8d75043e1aaab79cb77b4d60, get {url=}]
Capabilities {acceptInsecureCerts: false, browserName: chrome, browserVersion: 149.0.7827.104, chrome: {chromedriverVersion: 149.0.7827.155 (07b52360cc1..., userDataDir: C:\Users\UMESHK~1\AppData\L...}, fedcm:accounts: true, goog:chromeOptions: {debuggerAddress: localhost:57370}, goog:processID: 17324, networkConnectionEnabled: false, pageLoadStrategy: normal, platformName: windows, proxy: Proxy(), se:cdp: ws://localhost:57370/devtoo..., se:cdpVersion: 149.0.7827.104, setWindowRect: true, strictFileInteractability: false, timeouts: {implicit: 0, pageLoad: 300000, script: 30000}, unhandledPromptBehavior: dismiss and notify, webauthn:extension:credBlob: true, webauthn:extension:largeBlob: true, webauthn:extension:minPinLength: true, webauthn:extension:prf: true, webauthn:virtualAuthenticators: true}
Session ID: b1a785ec8d75043e1aaab79cb77b4d60
at org.openqa.selenium.remote.ErrorCodec.decode(ErrorCodec.java:167)
at org.openqa.selenium.remote.codec.w3c.W3CHttpResponseCodec.decode(W3CHttpResponseCodec.java:138)
at org.openqa.selenium.remote.codec.w3c.W3CHttpResponseCodec.decode(W3CHttpResponseCodec.java:50)
at org.openqa.selenium.remote.HttpCommandExecutor.execute(HttpCommandExecutor.java:190)
at org.openqa.selenium.remote.service.DriverCommandExecutor.invokeExecute(DriverCommandExecutor.java:216)
at org.openqa.selenium.remote.service.DriverCommandExecutor.execute(DriverCommandExecutor.java:174)
at org.openqa.selenium.remote.RemoteWebDriver.execute(RemoteWebDriver.java:519)
at org.openqa.selenium.remote.RemoteWebDriver.get(RemoteWebDriver.java:301)
at com.framework.driver.BasePage.goTo(BasePage.java:36)
at com.framework.pages.LoginPage.navigateTo(LoginPage.java:30)
at com.framework.steps.LoginSteps.navigateToPortal(LoginSteps.java:15)
at ✽.the user navigates to the banking portal(file:///C:/Users/Umesh%20kumar/eclipse-workspace/regression-automation/src/test/resources/features/risk_rating.feature:11)
... Removed 3 stack frames]]>
    </failure>
  </testcase> <!-- runScenario -->
  <testcase classname="io.cucumber.testng.AbstractTestNGCucumberTests" name="runScenario" time="1.991">
    <skipped/>
  </testcase> <!-- runScenario -->
  <testcase classname="io.cucumber.testng.AbstractTestNGCucumberTests" name="runScenario" time="2.041">
    <skipped/>
  </testcase> <!-- runScenario -->
  <testcase classname="io.cucumber.testng.AbstractTestNGCucumberTests" name="runScenario" time="1.954">
    <skipped/>
  </testcase> <!-- runScenario -->
  <testcase classname="io.cucumber.testng.AbstractTestNGCucumberTests" name="runScenario" time="1.927">
    <skipped/>
  </testcase> <!-- runScenario -->
  <testcase classname="io.cucumber.testng.AbstractTestNGCucumberTests" name="runScenario" time="2.027">
    <skipped/>
  </testcase> <!-- runScenario -->
  <testcase classname="io.cucumber.testng.AbstractTestNGCucumberTests" name="runScenario" time="2.051">
    <skipped/>
  </testcase> <!-- runScenario -->
  <testcase classname="io.cucumber.testng.AbstractTestNGCucumberTests" name="runScenario" time="2.001">
    <failure type="org.openqa.selenium.InvalidArgumentException" message="invalid argument
  (Session info: chrome=149.0.7827.104)
Build info: version: &amp;apos;4.18.1&amp;apos;, revision: &amp;apos;b1d3319b48&amp;apos;
System info: os.name: &amp;apos;Windows 11&amp;apos;, os.arch: &amp;apos;amd64&amp;apos;, os.version: &amp;apos;10.0&amp;apos;, java.version: &amp;apos;21.0.1&amp;apos;
Driver info: org.openqa.selenium.chrome.ChromeDriver
Command: [4a8942e2d32537efffd201b34bbafce3, get {url=}]
Capabilities {acceptInsecureCerts: false, browserName: chrome, browserVersion: 149.0.7827.104, chrome: {chromedriverVersion: 149.0.7827.155 (07b52360cc1..., userDataDir: C:\Users\UMESHK~1\AppData\L...}, fedcm:accounts: true, goog:chromeOptions: {debuggerAddress: localhost:57282}, goog:processID: 25580, networkConnectionEnabled: false, pageLoadStrategy: normal, platformName: windows, proxy: Proxy(), se:cdp: ws://localhost:57282/devtoo..., se:cdpVersion: 149.0.7827.104, setWindowRect: true, strictFileInteractability: false, timeouts: {implicit: 0, pageLoad: 300000, script: 30000}, unhandledPromptBehavior: dismiss and notify, webauthn:extension:credBlob: true, webauthn:extension:largeBlob: true, webauthn:extension:minPinLength: true, webauthn:extension:prf: true, webauthn:virtualAuthenticators: true}
Session ID: 4a8942e2d32537efffd201b34bbafce3">
      <![CDATA[org.openqa.selenium.InvalidArgumentException: invalid argument
  (Session info: chrome=149.0.7827.104)
Build info: version: '4.18.1', revision: 'b1d3319b48'
System info: os.name: 'Windows 11', os.arch: 'amd64', os.version: '10.0', java.version: '21.0.1'
Driver info: org.openqa.selenium.chrome.ChromeDriver
Command: [4a8942e2d32537efffd201b34bbafce3, get {url=}]
Capabilities {acceptInsecureCerts: false, browserName: chrome, browserVersion: 149.0.7827.104, chrome: {chromedriverVersion: 149.0.7827.155 (07b52360cc1..., userDataDir: C:\Users\UMESHK~1\AppData\L...}, fedcm:accounts: true, goog:chromeOptions: {debuggerAddress: localhost:57282}, goog:processID: 25580, networkConnectionEnabled: false, pageLoadStrategy: normal, platformName: windows, proxy: Proxy(), se:cdp: ws://localhost:57282/devtoo..., se:cdpVersion: 149.0.7827.104, setWindowRect: true, strictFileInteractability: false, timeouts: {implicit: 0, pageLoad: 300000, script: 30000}, unhandledPromptBehavior: dismiss and notify, webauthn:extension:credBlob: true, webauthn:extension:largeBlob: true, webauthn:extension:minPinLength: true, webauthn:extension:prf: true, webauthn:virtualAuthenticators: true}
Session ID: 4a8942e2d32537efffd201b34bbafce3
at org.openqa.selenium.remote.ErrorCodec.decode(ErrorCodec.java:167)
at org.openqa.selenium.remote.codec.w3c.W3CHttpResponseCodec.decode(W3CHttpResponseCodec.java:138)
at org.openqa.selenium.remote.codec.w3c.W3CHttpResponseCodec.decode(W3CHttpResponseCodec.java:50)
at org.openqa.selenium.remote.HttpCommandExecutor.execute(HttpCommandExecutor.java:190)
at org.openqa.selenium.remote.service.DriverCommandExecutor.invokeExecute(DriverCommandExecutor.java:216)
at org.openqa.selenium.remote.service.DriverCommandExecutor.execute(DriverCommandExecutor.java:174)
at org.openqa.selenium.remote.RemoteWebDriver.execute(RemoteWebDriver.java:519)
at org.openqa.selenium.remote.RemoteWebDriver.get(RemoteWebDriver.java:301)
at com.framework.driver.BasePage.goTo(BasePage.java:36)
at com.framework.pages.LoginPage.navigateTo(LoginPage.java:30)
at com.framework.steps.LoginSteps.navigateToPortal(LoginSteps.java:15)
at ✽.the user navigates to the banking portal(file:///C:/Users/Umesh%20kumar/eclipse-workspace/regression-automation/src/test/resources/features/risk_rating.feature:11)
... Removed 3 stack frames]]>
    </failure>
  </testcase> <!-- runScenario -->
  <testcase classname="io.cucumber.testng.AbstractTestNGCucumberTests" name="runScenario" time="1.979">
    <failure type="org.openqa.selenium.InvalidArgumentException" message="invalid argument
  (Session info: chrome=149.0.7827.104)
Build info: version: &amp;apos;4.18.1&amp;apos;, revision: &amp;apos;b1d3319b48&amp;apos;
System info: os.name: &amp;apos;Windows 11&amp;apos;, os.arch: &amp;apos;amd64&amp;apos;, os.version: &amp;apos;10.0&amp;apos;, java.version: &amp;apos;21.0.1&amp;apos;
Driver info: org.openqa.selenium.chrome.ChromeDriver
Command: [3be9434b98d1b8a6460efd561ab732f7, get {url=}]
Capabilities {acceptInsecureCerts: false, browserName: chrome, browserVersion: 149.0.7827.104, chrome: {chromedriverVersion: 149.0.7827.155 (07b52360cc1..., userDataDir: C:\Users\UMESHK~1\AppData\L...}, fedcm:accounts: true, goog:chromeOptions: {debuggerAddress: localhost:57283}, goog:processID: 26960, networkConnectionEnabled: false, pageLoadStrategy: normal, platformName: windows, proxy: Proxy(), se:cdp: ws://localhost:57283/devtoo..., se:cdpVersion: 149.0.7827.104, setWindowRect: true, strictFileInteractability: false, timeouts: {implicit: 0, pageLoad: 300000, script: 30000}, unhandledPromptBehavior: dismiss and notify, webauthn:extension:credBlob: true, webauthn:extension:largeBlob: true, webauthn:extension:minPinLength: true, webauthn:extension:prf: true, webauthn:virtualAuthenticators: true}
Session ID: 3be9434b98d1b8a6460efd561ab732f7">
      <![CDATA[org.openqa.selenium.InvalidArgumentException: invalid argument
  (Session info: chrome=149.0.7827.104)
Build info: version: '4.18.1', revision: 'b1d3319b48'
System info: os.name: 'Windows 11', os.arch: 'amd64', os.version: '10.0', java.version: '21.0.1'
Driver info: org.openqa.selenium.chrome.ChromeDriver
Command: [3be9434b98d1b8a6460efd561ab732f7, get {url=}]
Capabilities {acceptInsecureCerts: false, browserName: chrome, browserVersion: 149.0.7827.104, chrome: {chromedriverVersion: 149.0.7827.155 (07b52360cc1..., userDataDir: C:\Users\UMESHK~1\AppData\L...}, fedcm:accounts: true, goog:chromeOptions: {debuggerAddress: localhost:57283}, goog:processID: 26960, networkConnectionEnabled: false, pageLoadStrategy: normal, platformName: windows, proxy: Proxy(), se:cdp: ws://localhost:57283/devtoo..., se:cdpVersion: 149.0.7827.104, setWindowRect: true, strictFileInteractability: false, timeouts: {implicit: 0, pageLoad: 300000, script: 30000}, unhandledPromptBehavior: dismiss and notify, webauthn:extension:credBlob: true, webauthn:extension:largeBlob: true, webauthn:extension:minPinLength: true, webauthn:extension:prf: true, webauthn:virtualAuthenticators: true}
Session ID: 3be9434b98d1b8a6460efd561ab732f7
at org.openqa.selenium.remote.ErrorCodec.decode(ErrorCodec.java:167)
at org.openqa.selenium.remote.codec.w3c.W3CHttpResponseCodec.decode(W3CHttpResponseCodec.java:138)
at org.openqa.selenium.remote.codec.w3c.W3CHttpResponseCodec.decode(W3CHttpResponseCodec.java:50)
at org.openqa.selenium.remote.HttpCommandExecutor.execute(HttpCommandExecutor.java:190)
at org.openqa.selenium.remote.service.DriverCommandExecutor.invokeExecute(DriverCommandExecutor.java:216)
at org.openqa.selenium.remote.service.DriverCommandExecutor.execute(DriverCommandExecutor.java:174)
at org.openqa.selenium.remote.RemoteWebDriver.execute(RemoteWebDriver.java:519)
at org.openqa.selenium.remote.RemoteWebDriver.get(RemoteWebDriver.java:301)
at com.framework.driver.BasePage.goTo(BasePage.java:36)
at com.framework.pages.LoginPage.navigateTo(LoginPage.java:30)
at com.framework.steps.LoginSteps.navigateToPortal(LoginSteps.java:15)
at ✽.the user navigates to the banking portal(file:///C:/Users/Umesh%20kumar/eclipse-workspace/regression-automation/src/test/resources/features/risk_rating.feature:11)
... Removed 3 stack frames]]>
    </failure>
  </testcase> <!-- runScenario -->
  <testcase classname="io.cucumber.testng.AbstractTestNGCucumberTests" name="runScenario" time="2.059">
    <failure type="org.openqa.selenium.InvalidArgumentException" message="invalid argument
  (Session info: chrome=149.0.7827.104)
Build info: version: &amp;apos;4.18.1&amp;apos;, revision: &amp;apos;b1d3319b48&amp;apos;
System info: os.name: &amp;apos;Windows 11&amp;apos;, os.arch: &amp;apos;amd64&amp;apos;, os.version: &amp;apos;10.0&amp;apos;, java.version: &amp;apos;21.0.1&amp;apos;
Driver info: org.openqa.selenium.chrome.ChromeDriver
Command: [05e94057035dfe337fc6a0897990e0aa, get {url=}]
Capabilities {acceptInsecureCerts: false, browserName: chrome, browserVersion: 149.0.7827.104, chrome: {chromedriverVersion: 149.0.7827.155 (07b52360cc1..., userDataDir: C:\Users\UMESHK~1\AppData\L...}, fedcm:accounts: true, goog:chromeOptions: {debuggerAddress: localhost:57284}, goog:processID: 11092, networkConnectionEnabled: false, pageLoadStrategy: normal, platformName: windows, proxy: Proxy(), se:cdp: ws://localhost:57284/devtoo..., se:cdpVersion: 149.0.7827.104, setWindowRect: true, strictFileInteractability: false, timeouts: {implicit: 0, pageLoad: 300000, script: 30000}, unhandledPromptBehavior: dismiss and notify, webauthn:extension:credBlob: true, webauthn:extension:largeBlob: true, webauthn:extension:minPinLength: true, webauthn:extension:prf: true, webauthn:virtualAuthenticators: true}
Session ID: 05e94057035dfe337fc6a0897990e0aa">
      <![CDATA[org.openqa.selenium.InvalidArgumentException: invalid argument
  (Session info: chrome=149.0.7827.104)
Build info: version: '4.18.1', revision: 'b1d3319b48'
System info: os.name: 'Windows 11', os.arch: 'amd64', os.version: '10.0', java.version: '21.0.1'
Driver info: org.openqa.selenium.chrome.ChromeDriver
Command: [05e94057035dfe337fc6a0897990e0aa, get {url=}]
Capabilities {acceptInsecureCerts: false, browserName: chrome, browserVersion: 149.0.7827.104, chrome: {chromedriverVersion: 149.0.7827.155 (07b52360cc1..., userDataDir: C:\Users\UMESHK~1\AppData\L...}, fedcm:accounts: true, goog:chromeOptions: {debuggerAddress: localhost:57284}, goog:processID: 11092, networkConnectionEnabled: false, pageLoadStrategy: normal, platformName: windows, proxy: Proxy(), se:cdp: ws://localhost:57284/devtoo..., se:cdpVersion: 149.0.7827.104, setWindowRect: true, strictFileInteractability: false, timeouts: {implicit: 0, pageLoad: 300000, script: 30000}, unhandledPromptBehavior: dismiss and notify, webauthn:extension:credBlob: true, webauthn:extension:largeBlob: true, webauthn:extension:minPinLength: true, webauthn:extension:prf: true, webauthn:virtualAuthenticators: true}
Session ID: 05e94057035dfe337fc6a0897990e0aa
at org.openqa.selenium.remote.ErrorCodec.decode(ErrorCodec.java:167)
at org.openqa.selenium.remote.codec.w3c.W3CHttpResponseCodec.decode(W3CHttpResponseCodec.java:138)
at org.openqa.selenium.remote.codec.w3c.W3CHttpResponseCodec.decode(W3CHttpResponseCodec.java:50)
at org.openqa.selenium.remote.HttpCommandExecutor.execute(HttpCommandExecutor.java:190)
at org.openqa.selenium.remote.service.DriverCommandExecutor.invokeExecute(DriverCommandExecutor.java:216)
at org.openqa.selenium.remote.service.DriverCommandExecutor.execute(DriverCommandExecutor.java:174)
at org.openqa.selenium.remote.RemoteWebDriver.execute(RemoteWebDriver.java:519)
at org.openqa.selenium.remote.RemoteWebDriver.get(RemoteWebDriver.java:301)
at com.framework.driver.BasePage.goTo(BasePage.java:36)
at com.framework.pages.LoginPage.navigateTo(LoginPage.java:30)
at com.framework.steps.LoginSteps.navigateToPortal(LoginSteps.java:15)
at ✽.the user navigates to the banking portal(file:///C:/Users/Umesh%20kumar/eclipse-workspace/regression-automation/src/test/resources/features/risk_rating.feature:11)
... Removed 3 stack frames]]>
    </failure>
  </testcase> <!-- runScenario -->
</testsuite> <!-- UI — Risk Rating -->
